<?xml version="1.0" encoding="UTF-8"?>
<testsuite xmlns:xsi="http://www.w3.org/2001/XMLSchema-instance" xsi:noNamespaceSchemaLocation="https://maven.apache.org/surefire/maven-surefire-plugin/xsd/surefire-test-report-3.0.xsd" version="3.0" name="com.ota.exam.notes_api.NotesApiApplicationTests" time="2.678" tests="1" errors="0" skipped="0" failures="0">
  <properties>
[...]
</properties>
  <testcase name="contextLoads" classname="com.ota.exam.notes_api.NotesApiApplicationTests" time="0.768">
    <system-out><![CDATA[19:51:18.490 [main] INFO org.springframework.test.context.support.AnnotationConfigContextLoaderUtils -- Could not detect default configuration classes for test class [com.ota.exam.notes_api.NotesApiApplicationTests]: NotesApiApplicationTests does not declare any static, non-private, non-final, nested classes annotated with @Configuration.
19:51:18.582 [main] INFO org.springframework.boot.test.context.SpringBootTestContextBootstrapper -- Found @SpringBootConfiguration com.ota.exam.notes_api.NotesApiApplication for test class com.ota.exam.notes_api.NotesApiApplicationTests

  .   ____          _            __ _ _
 /\\ / ___'_ __ _ _(_)_ __  __ _ \ \ \ \
( ( )\___ | '_ | '_| | '_ \/ _` | \ \ \ \
 \\/  ___)| |_)| | | | | || (_| |  ) ) ) )
  '  |____| .__|_| |_|_| |_\__, | / / / /
 =========|_|==============|___/=/_/_/_/

 :: Spring Boot ::                (v3.3.3)

2024-09-11T19:51:18.927+08:00  INFO 18608 --- [notes_api] [           main] c.o.e.n.NotesApiApplicationTests         : Starting NotesApiApplicationTests using Java 17.0.12 with PID 18608 (started by Jim in C:\Freelance\notes_api)
2024-09-11T19:51:18.928+08:00  INFO 18608 --- [notes_api] [           main] c.o.e.n.NotesApiApplicationTests         : No active profile set, falling back to 1 default profile: "default"
2024-09-11T19:51:20.249+08:00  INFO 18608 --- [notes_api] [           main] c.o.e.n.NotesApiApplicationTests         : Started NotesApiApplicationTests in 1.52 seconds (process running for 2.285)
]]></system-out>
  </testcase>
</testsuite>